<?xml version="1.0" encoding="UTF-8"?>
<beans xmlns:xsi="http://www.w3.org/2001/XMLSchema-instance"
       xmlns="http://www.springframework.org/schema/beans"
       xsi:schemaLocation="http://www.springframework.org/schema/beans
       http://www.springframework.org/schema/beans/spring-beans.xsd">

    <bean id="namedParameterJdbcTemplate"
          class="org.springframework.jdbc.core.namedparam.NamedParameterJdbcTemplate">
        <constructor-arg name="dataSource" ref="dataSource"/>
    </bean>

    <bean id="publicationDao" class="com.epam.brest.course.dao.PublicationDaoImpl">
        <property name="namedParameterJdbcTemplate" ref="namedParameterJdbcTemplate"/>
    </bean>

    <bean id="writerDao" class="com.epam.brest.course.dao.WriterDaoImpl">
        <property name="namedParameterJdbcTemplate" ref="namedParameterJdbcTemplate"/>
    </bean>

    <bean id="transactionManager" class="org.springframework.jdbc.datasource.DataSourceTransactionManager">
        <property name="dataSource" ref="dataSource"/>
    </bean>

</beans>